<?xml version="1.0" encoding="UTF-8"?>
<!-- Generated by org.testng.reporters.JUnitReportReporter -->
<testsuite hostname="LAPTOP-RHEKKJV4" failures="0" tests="1" name="com.automation.test.AccountScripts" time="10.011" errors="0" timestamp="2024-10-19T10:09:56 EDT" skipped="0">
  <testcase classname="com.automation.test.AccountScripts" name="Login_SalesForce" time="10.011"/>
</testsuite> <!-- com.automation.test.AccountScripts -->
