<?xml version="1.0" encoding="UTF-8"?>
<!-- Generated by org.testng.reporters.JUnitReportReporter -->
<testsuite hostname="LAPTOP-RHEKKJV4" failures="0" tests="1" name="com.automation.test.UserMenuDropDownScripts" time="11.545" errors="0" timestamp="2024-10-20T16:58:47 EDT" skipped="0">
  <testcase classname="com.automation.test.UserMenuDropDownScripts" name="select_Logout" time="11.545"/>
</testsuite> <!-- com.automation.test.UserMenuDropDownScripts -->
