<?xml version="1.0" encoding="UTF-8"?>
<!-- Generated by org.testng.reporters.JUnitReportReporter -->
<testsuite hostname="LAPTOP-RHEKKJV4" failures="0" tests="1" name="com.automation.test.AutomationScripts" time="15.375" errors="0" timestamp="2024-10-23T19:43:14 EDT" skipped="0">
  <testcase classname="com.automation.test.AutomationScripts" name="test_OppStuckReport" time="15.375"/>
</testsuite> <!-- com.automation.test.AutomationScripts -->
