<?xml version="1.0" encoding="UTF-8"?>
<!-- Generated by org.testng.reporters.JUnitReportReporter -->
<testsuite hostname="LAPTOP-RHEKKJV4" failures="0" tests="2" name="com.automation.test.OpportunityScripts" time="29.276" errors="0" timestamp="2024-10-26T15:54:22 EDT" skipped="0">
  <testcase classname="com.automation.test.OpportunityScripts" name="test_OppStuckReport" time="13.495"/>
  <testcase classname="com.automation.test.OpportunityScripts" name="test_OppPipelineReport" time="15.781"/>
</testsuite> <!-- com.automation.test.OpportunityScripts -->
