<?xml version="1.0" encoding="UTF-8"?>
<!-- Generated by org.testng.reporters.JUnitReportReporter -->
<testsuite hostname="LAPTOP-RHEKKJV4" failures="0" tests="5" name="com.automation.test.LoginScripts" time="61.042" errors="0" timestamp="2024-10-26T15:54:22 EDT" skipped="0">
  <testcase classname="com.automation.test.LoginScripts" name="rememberme_Login" time="15.345"/>
  <testcase classname="com.automation.test.LoginScripts" name="forgotpwd_invalid" time="10.572"/>
  <testcase classname="com.automation.test.LoginScripts" name="valid_Login" time="13.533"/>
  <testcase classname="com.automation.test.LoginScripts" name="invalid_Login" time="10.360"/>
  <testcase classname="com.automation.test.LoginScripts" name="forgotpwd_validation" time="11.232"/>
</testsuite> <!-- com.automation.test.LoginScripts -->
