<?xml version="1.0" encoding="UTF-8"?>
<!-- Generated by org.testng.reporters.JUnitReportReporter -->
<testsuite hostname="LAPTOP-RHEKKJV4" failures="0" tests="5" name="com.automation.test.LeadScripts" time="76.995" errors="0" timestamp="2024-10-26T15:54:22 EDT" skipped="0">
  <testcase classname="com.automation.test.LeadScripts" name="check_LeadsDefaultView" time="20.582"/>
  <testcase classname="com.automation.test.LeadScripts" name="new_TodaysLeadSave" time="11.519"/>
  <testcase classname="com.automation.test.LeadScripts" name="check_LeadTabLink" time="17.019"/>
  <testcase classname="com.automation.test.LeadScripts" name="select_TodaysLead" time="14.215"/>
  <testcase classname="com.automation.test.LeadScripts" name="check_LeadsSelectView" time="13.660"/>
</testsuite> <!-- com.automation.test.LeadScripts -->
