<?xml version="1.0" encoding="UTF-8"?>
<!-- Generated by org.testng.reporters.JUnitReportReporter -->
<testsuite hostname="LAPTOP-RHEKKJV4" failures="0" tests="5" name="com.automation.test.LoginScripts" time="68.655" errors="0" timestamp="2024-10-23T20:02:05 EDT" skipped="0">
  <testcase classname="com.automation.test.LoginScripts" name="rememberme_Login" time="17.086"/>
  <testcase classname="com.automation.test.LoginScripts" name="forgotpwd_invalid" time="11.985"/>
  <testcase classname="com.automation.test.LoginScripts" name="valid_Login" time="11.900"/>
  <testcase classname="com.automation.test.LoginScripts" name="invalid_Login" time="17.534"/>
  <testcase classname="com.automation.test.LoginScripts" name="forgotpwd_validation" time="10.150"/>
</testsuite> <!-- com.automation.test.LoginScripts -->
