<?xml version="1.0" encoding="UTF-8"?>
<!-- Generated by org.testng.reporters.JUnitReportReporter -->
<testsuite hostname="LAPTOP-RHEKKJV4" failures="0" tests="2" name="com.automation.test.OpportunityScripts" time="28.071" errors="0" timestamp="2024-10-23T20:02:05 EDT" skipped="0">
  <testcase classname="com.automation.test.OpportunityScripts" name="test_OppStuckReport" time="12.906"/>
  <testcase classname="com.automation.test.OpportunityScripts" name="test_OppPipelineReport" time="15.165"/>
</testsuite> <!-- com.automation.test.OpportunityScripts -->
